#! /usr/local/Cellar/icarus-verilog/12.0/bin/vvp
:ivl_version "12.0 (stable)";
:ivl_delay_selection "TYPICAL";
:vpi_time_precision + 0;
:vpi_module "/usr/local/Cellar/icarus-verilog/12.0/lib/ivl/system.vpi";
:vpi_module "/usr/local/Cellar/icarus-verilog/12.0/lib/ivl/vhdl_sys.vpi";
:vpi_module "/usr/local/Cellar/icarus-verilog/12.0/lib/ivl/vhdl_textio.vpi";
:vpi_module "/usr/local/Cellar/icarus-verilog/12.0/lib/ivl/v2005_math.vpi";
:vpi_module "/usr/local/Cellar/icarus-verilog/12.0/lib/ivl/va_math.vpi";
S_0x7fc6d3404320 .scope module, "m_alu" "m_alu" 2 7;
 .timescale 0 0;
    .port_info 0 /INPUT 32 "w_in1";
    .port_info 1 /INPUT 32 "w_in2";
    .port_info 2 /OUTPUT 32 "w_out";
    .port_info 3 /OUTPUT 1 "w_tkn";
o0x7fc6d3132008 .functor BUFZ 32, C4<zzzzzzzzzzzzzzzzzzzzzzzzzzzzzzzz>; HiZ drive
v0x7fc6d3404d70_0 .net "w_in1", 31 0, o0x7fc6d3132008;  0 drivers
o0x7fc6d3132038 .functor BUFZ 32, C4<zzzzzzzzzzzzzzzzzzzzzzzzzzzzzzzz>; HiZ drive
v0x7fc6d3414d70_0 .net "w_in2", 31 0, o0x7fc6d3132038;  0 drivers
v0x7fc6d3414e10_0 .net "w_out", 31 0, L_0x7fc6d341c370;  1 drivers
v0x7fc6d3414ec0_0 .net "w_tkn", 0 0, L_0x7fc6d341c470;  1 drivers
L_0x7fc6d341c370 .arith/sum 32, o0x7fc6d3132008, o0x7fc6d3132038;
L_0x7fc6d341c470 .cmp/ne 32, o0x7fc6d3132008, o0x7fc6d3132038;
S_0x7fc6d3404520 .scope module, "m_am_dmem" "m_am_dmem" 2 76;
 .timescale 0 0;
    .port_info 0 /INPUT 1 "w_clk";
    .port_info 1 /INPUT 32 "w_adr";
    .port_info 2 /INPUT 1 "w_we";
    .port_info 3 /INPUT 32 "w_wd";
    .port_info 4 /OUTPUT 32 "w_rd";
L_0x7fc6d341c810 .functor BUFZ 32, L_0x7fc6d341c550, C4<00000000000000000000000000000000>, C4<00000000000000000000000000000000>, C4<00000000000000000000000000000000>;
v0x7fc6d3415020_0 .net *"_ivl_0", 31 0, L_0x7fc6d341c550;  1 drivers
v0x7fc6d34150e0_0 .net *"_ivl_3", 5 0, L_0x7fc6d341c5f0;  1 drivers
v0x7fc6d3415180_0 .net *"_ivl_4", 7 0, L_0x7fc6d341c6b0;  1 drivers
L_0x7fc6d3163008 .functor BUFT 1, C4<00>, C4<0>, C4<0>, C4<0>;
v0x7fc6d3415230_0 .net *"_ivl_7", 1 0, L_0x7fc6d3163008;  1 drivers
v0x7fc6d34152e0_0 .var/i "i", 31 0;
v0x7fc6d34153d0 .array "mem", 63 0, 31 0;
o0x7fc6d3132278 .functor BUFZ 32, C4<zzzzzzzzzzzzzzzzzzzzzzzzzzzzzzzz>; HiZ drive
v0x7fc6d3415470_0 .net "w_adr", 31 0, o0x7fc6d3132278;  0 drivers
o0x7fc6d31322a8 .functor BUFZ 1, C4<z>; HiZ drive
v0x7fc6d3415520_0 .net "w_clk", 0 0, o0x7fc6d31322a8;  0 drivers
v0x7fc6d34155c0_0 .net "w_rd", 31 0, L_0x7fc6d341c810;  1 drivers
o0x7fc6d3132308 .functor BUFZ 32, C4<zzzzzzzzzzzzzzzzzzzzzzzzzzzzzzzz>; HiZ drive
v0x7fc6d34156d0_0 .net "w_wd", 31 0, o0x7fc6d3132308;  0 drivers
o0x7fc6d3132338 .functor BUFZ 1, C4<z>; HiZ drive
v0x7fc6d3415780_0 .net "w_we", 0 0, o0x7fc6d3132338;  0 drivers
E_0x7fc6d3414fc0 .event posedge, v0x7fc6d3415520_0;
L_0x7fc6d341c550 .array/port v0x7fc6d34153d0, L_0x7fc6d341c6b0;
L_0x7fc6d341c5f0 .part o0x7fc6d3132278, 2, 6;
L_0x7fc6d341c6b0 .concat [ 6 2 0 0], L_0x7fc6d341c5f0, L_0x7fc6d3163008;
S_0x7fc6d3404750 .scope module, "m_gen_imm" "m_gen_imm" 2 67;
 .timescale 0 0;
    .port_info 0 /INPUT 32 "w_ir";
    .port_info 1 /OUTPUT 32 "w_imm";
    .port_info 2 /OUTPUT 1 "w_r";
    .port_info 3 /OUTPUT 1 "w_i";
    .port_info 4 /OUTPUT 1 "w_s";
    .port_info 5 /OUTPUT 1 "w_b";
    .port_info 6 /OUTPUT 1 "w_u";
    .port_info 7 /OUTPUT 1 "w_j";
    .port_info 8 /OUTPUT 1 "w_ld";
v0x7fc6d3418820_0 .net *"_ivl_3", 4 0, L_0x7fc6d341fcf0;  1 drivers
v0x7fc6d34188e0_0 .net *"_ivl_4", 31 0, L_0x7fc6d341fd90;  1 drivers
L_0x7fc6d3163320 .functor BUFT 1, C4<000000000000000000000000000>, C4<0>, C4<0>, C4<0>;
v0x7fc6d3418980_0 .net *"_ivl_7", 26 0, L_0x7fc6d3163320;  1 drivers
L_0x7fc6d3163368 .functor BUFT 1, C4<00000000000000000000000000000000>, C4<0>, C4<0>, C4<0>;
v0x7fc6d3418a10_0 .net/2u *"_ivl_8", 31 0, L_0x7fc6d3163368;  1 drivers
v0x7fc6d3418ac0_0 .net "w_b", 0 0, L_0x7fc6d341c9e0;  1 drivers
v0x7fc6d3418bd0_0 .net "w_i", 0 0, L_0x7fc6d341d4d0;  1 drivers
v0x7fc6d3418ca0_0 .net "w_imm", 31 0, L_0x7fc6d341fbd0;  1 drivers
o0x7fc6d3132f08 .functor BUFZ 32, C4<zzzzzzzzzzzzzzzzzzzzzzzzzzzzzzzz>; HiZ drive
v0x7fc6d3418d30_0 .net "w_ir", 31 0, o0x7fc6d3132f08;  0 drivers
v0x7fc6d3418dc0_0 .net "w_j", 0 0, L_0x7fc6d341c8c0;  1 drivers
v0x7fc6d3418ed0_0 .net "w_ld", 0 0, L_0x7fc6d341feb0;  1 drivers
v0x7fc6d3418f60_0 .net "w_r", 0 0, L_0x7fc6d341cc20;  1 drivers
v0x7fc6d3418ff0_0 .net "w_s", 0 0, L_0x7fc6d341cb00;  1 drivers
v0x7fc6d34190c0_0 .net "w_u", 0 0, L_0x7fc6d341cf70;  1 drivers
L_0x7fc6d341d540 .part o0x7fc6d3132f08, 2, 5;
L_0x7fc6d341fcf0 .part o0x7fc6d3132f08, 2, 5;
L_0x7fc6d341fd90 .concat [ 5 27 0 0], L_0x7fc6d341fcf0, L_0x7fc6d3163320;
L_0x7fc6d341feb0 .cmp/eq 32, L_0x7fc6d341fd90, L_0x7fc6d3163368;
S_0x7fc6d34158a0 .scope module, "m1" "m_get_type" 2 71, 2 44 0, S_0x7fc6d3404750;
 .timescale 0 0;
    .port_info 0 /INPUT 5 "opcode5";
    .port_info 1 /OUTPUT 1 "r";
    .port_info 2 /OUTPUT 1 "i";
    .port_info 3 /OUTPUT 1 "s";
    .port_info 4 /OUTPUT 1 "b";
    .port_info 5 /OUTPUT 1 "u";
    .port_info 6 /OUTPUT 1 "j";
L_0x7fc6d341cf70 .functor OR 1, L_0x7fc6d341cd80, L_0x7fc6d341ce90, C4<0>, C4<0>;
L_0x7fc6d341d060 .functor OR 1, L_0x7fc6d341c8c0, L_0x7fc6d341c9e0, C4<0>, C4<0>;
L_0x7fc6d341d1d0 .functor OR 1, L_0x7fc6d341d060, L_0x7fc6d341cb00, C4<0>, C4<0>;
L_0x7fc6d341d2c0 .functor OR 1, L_0x7fc6d341d1d0, L_0x7fc6d341cc20, C4<0>, C4<0>;
L_0x7fc6d341d370 .functor OR 1, L_0x7fc6d341d2c0, L_0x7fc6d341cf70, C4<0>, C4<0>;
L_0x7fc6d341d4d0 .functor NOT 1, L_0x7fc6d341d370, C4<0>, C4<0>, C4<0>;
L_0x7fc6d3163050 .functor BUFT 1, C4<11011>, C4<0>, C4<0>, C4<0>;
v0x7fc6d3415b50_0 .net/2u *"_ivl_0", 4 0, L_0x7fc6d3163050;  1 drivers
L_0x7fc6d3163128 .functor BUFT 1, C4<01100>, C4<0>, C4<0>, C4<0>;
v0x7fc6d3415be0_0 .net/2u *"_ivl_12", 4 0, L_0x7fc6d3163128;  1 drivers
L_0x7fc6d3163170 .functor BUFT 1, C4<01101>, C4<0>, C4<0>, C4<0>;
v0x7fc6d3415c80_0 .net/2u *"_ivl_16", 4 0, L_0x7fc6d3163170;  1 drivers
v0x7fc6d3415d20_0 .net *"_ivl_18", 0 0, L_0x7fc6d341cd80;  1 drivers
L_0x7fc6d31631b8 .functor BUFT 1, C4<00101>, C4<0>, C4<0>, C4<0>;
v0x7fc6d3415dc0_0 .net/2u *"_ivl_20", 4 0, L_0x7fc6d31631b8;  1 drivers
v0x7fc6d3415eb0_0 .net *"_ivl_22", 0 0, L_0x7fc6d341ce90;  1 drivers
v0x7fc6d3415f50_0 .net *"_ivl_26", 0 0, L_0x7fc6d341d060;  1 drivers
v0x7fc6d3416000_0 .net *"_ivl_28", 0 0, L_0x7fc6d341d1d0;  1 drivers
v0x7fc6d34160b0_0 .net *"_ivl_30", 0 0, L_0x7fc6d341d2c0;  1 drivers
v0x7fc6d34161c0_0 .net *"_ivl_32", 0 0, L_0x7fc6d341d370;  1 drivers
L_0x7fc6d3163098 .functor BUFT 1, C4<11000>, C4<0>, C4<0>, C4<0>;
v0x7fc6d3416270_0 .net/2u *"_ivl_4", 4 0, L_0x7fc6d3163098;  1 drivers
L_0x7fc6d31630e0 .functor BUFT 1, C4<01000>, C4<0>, C4<0>, C4<0>;
v0x7fc6d3416320_0 .net/2u *"_ivl_8", 4 0, L_0x7fc6d31630e0;  1 drivers
v0x7fc6d34163d0_0 .net "b", 0 0, L_0x7fc6d341c9e0;  alias, 1 drivers
v0x7fc6d3416470_0 .net "i", 0 0, L_0x7fc6d341d4d0;  alias, 1 drivers
v0x7fc6d3416510_0 .net "j", 0 0, L_0x7fc6d341c8c0;  alias, 1 drivers
v0x7fc6d34165b0_0 .net "opcode5", 4 0, L_0x7fc6d341d540;  1 drivers
v0x7fc6d3416660_0 .net "r", 0 0, L_0x7fc6d341cc20;  alias, 1 drivers
v0x7fc6d34167f0_0 .net "s", 0 0, L_0x7fc6d341cb00;  alias, 1 drivers
v0x7fc6d3416880_0 .net "u", 0 0, L_0x7fc6d341cf70;  alias, 1 drivers
L_0x7fc6d341c8c0 .cmp/eq 5, L_0x7fc6d341d540, L_0x7fc6d3163050;
L_0x7fc6d341c9e0 .cmp/eq 5, L_0x7fc6d341d540, L_0x7fc6d3163098;
L_0x7fc6d341cb00 .cmp/eq 5, L_0x7fc6d341d540, L_0x7fc6d31630e0;
L_0x7fc6d341cc20 .cmp/eq 5, L_0x7fc6d341d540, L_0x7fc6d3163128;
L_0x7fc6d341cd80 .cmp/eq 5, L_0x7fc6d341d540, L_0x7fc6d3163170;
L_0x7fc6d341ce90 .cmp/eq 5, L_0x7fc6d341d540, L_0x7fc6d31631b8;
S_0x7fc6d34169b0 .scope module, "m2" "m_get_imm" 2 72, 2 55 0, S_0x7fc6d3404750;
 .timescale 0 0;
    .port_info 0 /INPUT 32 "ir";
    .port_info 1 /INPUT 1 "i";
    .port_info 2 /INPUT 1 "s";
    .port_info 3 /INPUT 1 "b";
    .port_info 4 /INPUT 1 "u";
    .port_info 5 /INPUT 1 "j";
    .port_info 6 /OUTPUT 32 "w_imm";
v0x7fc6d3416bd0_0 .net *"_ivl_1", 0 0, L_0x7fc6d341d620;  1 drivers
v0x7fc6d3416c60_0 .net *"_ivl_10", 19 0, L_0x7fc6d341dd40;  1 drivers
v0x7fc6d3416d10_0 .net *"_ivl_13", 6 0, L_0x7fc6d341df50;  1 drivers
v0x7fc6d3416dd0_0 .net *"_ivl_15", 4 0, L_0x7fc6d341de90;  1 drivers
v0x7fc6d3416e80_0 .net *"_ivl_16", 31 0, L_0x7fc6d341e250;  1 drivers
v0x7fc6d3416f70_0 .net *"_ivl_19", 0 0, L_0x7fc6d341e400;  1 drivers
v0x7fc6d3417020_0 .net *"_ivl_2", 19 0, L_0x7fc6d341d6c0;  1 drivers
v0x7fc6d34170d0_0 .net *"_ivl_20", 19 0, L_0x7fc6d341e5a0;  1 drivers
v0x7fc6d3417180_0 .net *"_ivl_23", 0 0, L_0x7fc6d341e750;  1 drivers
v0x7fc6d3417290_0 .net *"_ivl_25", 5 0, L_0x7fc6d341e9f0;  1 drivers
v0x7fc6d3417340_0 .net *"_ivl_27", 3 0, L_0x7fc6d341ea90;  1 drivers
L_0x7fc6d3163200 .functor BUFT 1, C4<0>, C4<0>, C4<0>, C4<0>;
v0x7fc6d34173f0_0 .net/2u *"_ivl_28", 0 0, L_0x7fc6d3163200;  1 drivers
v0x7fc6d34174a0_0 .net *"_ivl_30", 31 0, L_0x7fc6d341eb30;  1 drivers
v0x7fc6d3417550_0 .net *"_ivl_33", 19 0, L_0x7fc6d341ec50;  1 drivers
L_0x7fc6d3163248 .functor BUFT 1, C4<000000000000>, C4<0>, C4<0>, C4<0>;
v0x7fc6d3417600_0 .net/2u *"_ivl_34", 11 0, L_0x7fc6d3163248;  1 drivers
v0x7fc6d34176b0_0 .net *"_ivl_36", 31 0, L_0x7fc6d341ed70;  1 drivers
v0x7fc6d3417760_0 .net *"_ivl_39", 0 0, L_0x7fc6d341eee0;  1 drivers
v0x7fc6d34178f0_0 .net *"_ivl_40", 11 0, L_0x7fc6d341ef80;  1 drivers
v0x7fc6d3417980_0 .net *"_ivl_43", 7 0, L_0x7fc6d341f020;  1 drivers
v0x7fc6d3417a30_0 .net *"_ivl_45", 0 0, L_0x7fc6d341f280;  1 drivers
v0x7fc6d3417ae0_0 .net *"_ivl_47", 9 0, L_0x7fc6d341f1e0;  1 drivers
L_0x7fc6d3163290 .functor BUFT 1, C4<0>, C4<0>, C4<0>, C4<0>;
v0x7fc6d3417b90_0 .net/2u *"_ivl_48", 0 0, L_0x7fc6d3163290;  1 drivers
v0x7fc6d3417c40_0 .net *"_ivl_5", 11 0, L_0x7fc6d341d890;  1 drivers
v0x7fc6d3417cf0_0 .net *"_ivl_50", 31 0, L_0x7fc6d341e4a0;  1 drivers
L_0x7fc6d31632d8 .functor BUFT 1, C4<00000000000000000000000000000000>, C4<0>, C4<0>, C4<0>;
v0x7fc6d3417da0_0 .net/2u *"_ivl_52", 31 0, L_0x7fc6d31632d8;  1 drivers
v0x7fc6d3417e50_0 .net *"_ivl_54", 31 0, L_0x7fc6d341f320;  1 drivers
v0x7fc6d3417f00_0 .net *"_ivl_56", 31 0, L_0x7fc6d341f800;  1 drivers
v0x7fc6d3417fb0_0 .net *"_ivl_58", 31 0, L_0x7fc6d341f970;  1 drivers
v0x7fc6d3418060_0 .net *"_ivl_6", 31 0, L_0x7fc6d341db90;  1 drivers
v0x7fc6d3418110_0 .net *"_ivl_60", 31 0, L_0x7fc6d341fa50;  1 drivers
v0x7fc6d34181c0_0 .net *"_ivl_9", 0 0, L_0x7fc6d341dc70;  1 drivers
v0x7fc6d3418270_0 .net "b", 0 0, L_0x7fc6d341c9e0;  alias, 1 drivers
v0x7fc6d3418320_0 .net "i", 0 0, L_0x7fc6d341d4d0;  alias, 1 drivers
v0x7fc6d34177f0_0 .net "ir", 31 0, o0x7fc6d3132f08;  alias, 0 drivers
v0x7fc6d34185b0_0 .net "j", 0 0, L_0x7fc6d341c8c0;  alias, 1 drivers
v0x7fc6d3418640_0 .net "s", 0 0, L_0x7fc6d341cb00;  alias, 1 drivers
v0x7fc6d34186d0_0 .net "u", 0 0, L_0x7fc6d341cf70;  alias, 1 drivers
v0x7fc6d3418760_0 .net "w_imm", 31 0, L_0x7fc6d341fbd0;  alias, 1 drivers
L_0x7fc6d341d620 .part o0x7fc6d3132f08, 31, 1;
LS_0x7fc6d341d6c0_0_0 .concat [ 1 1 1 1], L_0x7fc6d341d620, L_0x7fc6d341d620, L_0x7fc6d341d620, L_0x7fc6d341d620;
LS_0x7fc6d341d6c0_0_4 .concat [ 1 1 1 1], L_0x7fc6d341d620, L_0x7fc6d341d620, L_0x7fc6d341d620, L_0x7fc6d341d620;
LS_0x7fc6d341d6c0_0_8 .concat [ 1 1 1 1], L_0x7fc6d341d620, L_0x7fc6d341d620, L_0x7fc6d341d620, L_0x7fc6d341d620;
LS_0x7fc6d341d6c0_0_12 .concat [ 1 1 1 1], L_0x7fc6d341d620, L_0x7fc6d341d620, L_0x7fc6d341d620, L_0x7fc6d341d620;
LS_0x7fc6d341d6c0_0_16 .concat [ 1 1 1 1], L_0x7fc6d341d620, L_0x7fc6d341d620, L_0x7fc6d341d620, L_0x7fc6d341d620;
LS_0x7fc6d341d6c0_1_0 .concat [ 4 4 4 4], LS_0x7fc6d341d6c0_0_0, LS_0x7fc6d341d6c0_0_4, LS_0x7fc6d341d6c0_0_8, LS_0x7fc6d341d6c0_0_12;
LS_0x7fc6d341d6c0_1_4 .concat [ 4 0 0 0], LS_0x7fc6d341d6c0_0_16;
L_0x7fc6d341d6c0 .concat [ 16 4 0 0], LS_0x7fc6d341d6c0_1_0, LS_0x7fc6d341d6c0_1_4;
L_0x7fc6d341d890 .part o0x7fc6d3132f08, 20, 12;
L_0x7fc6d341db90 .concat [ 12 20 0 0], L_0x7fc6d341d890, L_0x7fc6d341d6c0;
L_0x7fc6d341dc70 .part o0x7fc6d3132f08, 31, 1;
LS_0x7fc6d341dd40_0_0 .concat [ 1 1 1 1], L_0x7fc6d341dc70, L_0x7fc6d341dc70, L_0x7fc6d341dc70, L_0x7fc6d341dc70;
LS_0x7fc6d341dd40_0_4 .concat [ 1 1 1 1], L_0x7fc6d341dc70, L_0x7fc6d341dc70, L_0x7fc6d341dc70, L_0x7fc6d341dc70;
LS_0x7fc6d341dd40_0_8 .concat [ 1 1 1 1], L_0x7fc6d341dc70, L_0x7fc6d341dc70, L_0x7fc6d341dc70, L_0x7fc6d341dc70;
LS_0x7fc6d341dd40_0_12 .concat [ 1 1 1 1], L_0x7fc6d341dc70, L_0x7fc6d341dc70, L_0x7fc6d341dc70, L_0x7fc6d341dc70;
LS_0x7fc6d341dd40_0_16 .concat [ 1 1 1 1], L_0x7fc6d341dc70, L_0x7fc6d341dc70, L_0x7fc6d341dc70, L_0x7fc6d341dc70;
LS_0x7fc6d341dd40_1_0 .concat [ 4 4 4 4], LS_0x7fc6d341dd40_0_0, LS_0x7fc6d341dd40_0_4, LS_0x7fc6d341dd40_0_8, LS_0x7fc6d341dd40_0_12;
LS_0x7fc6d341dd40_1_4 .concat [ 4 0 0 0], LS_0x7fc6d341dd40_0_16;
L_0x7fc6d341dd40 .concat [ 16 4 0 0], LS_0x7fc6d341dd40_1_0, LS_0x7fc6d341dd40_1_4;
L_0x7fc6d341df50 .part o0x7fc6d3132f08, 25, 7;
L_0x7fc6d341de90 .part o0x7fc6d3132f08, 7, 5;
L_0x7fc6d341e250 .concat [ 5 7 20 0], L_0x7fc6d341de90, L_0x7fc6d341df50, L_0x7fc6d341dd40;
L_0x7fc6d341e400 .part o0x7fc6d3132f08, 31, 1;
LS_0x7fc6d341e5a0_0_0 .concat [ 1 1 1 1], L_0x7fc6d341e400, L_0x7fc6d341e400, L_0x7fc6d341e400, L_0x7fc6d341e400;
LS_0x7fc6d341e5a0_0_4 .concat [ 1 1 1 1], L_0x7fc6d341e400, L_0x7fc6d341e400, L_0x7fc6d341e400, L_0x7fc6d341e400;
LS_0x7fc6d341e5a0_0_8 .concat [ 1 1 1 1], L_0x7fc6d341e400, L_0x7fc6d341e400, L_0x7fc6d341e400, L_0x7fc6d341e400;
LS_0x7fc6d341e5a0_0_12 .concat [ 1 1 1 1], L_0x7fc6d341e400, L_0x7fc6d341e400, L_0x7fc6d341e400, L_0x7fc6d341e400;
LS_0x7fc6d341e5a0_0_16 .concat [ 1 1 1 1], L_0x7fc6d341e400, L_0x7fc6d341e400, L_0x7fc6d341e400, L_0x7fc6d341e400;
LS_0x7fc6d341e5a0_1_0 .concat [ 4 4 4 4], LS_0x7fc6d341e5a0_0_0, LS_0x7fc6d341e5a0_0_4, LS_0x7fc6d341e5a0_0_8, LS_0x7fc6d341e5a0_0_12;
LS_0x7fc6d341e5a0_1_4 .concat [ 4 0 0 0], LS_0x7fc6d341e5a0_0_16;
L_0x7fc6d341e5a0 .concat [ 16 4 0 0], LS_0x7fc6d341e5a0_1_0, LS_0x7fc6d341e5a0_1_4;
L_0x7fc6d341e750 .part o0x7fc6d3132f08, 7, 1;
L_0x7fc6d341e9f0 .part o0x7fc6d3132f08, 25, 6;
L_0x7fc6d341ea90 .part o0x7fc6d3132f08, 8, 4;
LS_0x7fc6d341eb30_0_0 .concat [ 1 4 6 1], L_0x7fc6d3163200, L_0x7fc6d341ea90, L_0x7fc6d341e9f0, L_0x7fc6d341e750;
LS_0x7fc6d341eb30_0_4 .concat [ 20 0 0 0], L_0x7fc6d341e5a0;
L_0x7fc6d341eb30 .concat [ 12 20 0 0], LS_0x7fc6d341eb30_0_0, LS_0x7fc6d341eb30_0_4;
L_0x7fc6d341ec50 .part o0x7fc6d3132f08, 12, 20;
L_0x7fc6d341ed70 .concat [ 12 20 0 0], L_0x7fc6d3163248, L_0x7fc6d341ec50;
L_0x7fc6d341eee0 .part o0x7fc6d3132f08, 31, 1;
LS_0x7fc6d341ef80_0_0 .concat [ 1 1 1 1], L_0x7fc6d341eee0, L_0x7fc6d341eee0, L_0x7fc6d341eee0, L_0x7fc6d341eee0;
LS_0x7fc6d341ef80_0_4 .concat [ 1 1 1 1], L_0x7fc6d341eee0, L_0x7fc6d341eee0, L_0x7fc6d341eee0, L_0x7fc6d341eee0;
LS_0x7fc6d341ef80_0_8 .concat [ 1 1 1 1], L_0x7fc6d341eee0, L_0x7fc6d341eee0, L_0x7fc6d341eee0, L_0x7fc6d341eee0;
L_0x7fc6d341ef80 .concat [ 4 4 4 0], LS_0x7fc6d341ef80_0_0, LS_0x7fc6d341ef80_0_4, LS_0x7fc6d341ef80_0_8;
L_0x7fc6d341f020 .part o0x7fc6d3132f08, 12, 8;
L_0x7fc6d341f280 .part o0x7fc6d3132f08, 20, 1;
L_0x7fc6d341f1e0 .part o0x7fc6d3132f08, 21, 10;
LS_0x7fc6d341e4a0_0_0 .concat [ 1 10 1 8], L_0x7fc6d3163290, L_0x7fc6d341f1e0, L_0x7fc6d341f280, L_0x7fc6d341f020;
LS_0x7fc6d341e4a0_0_4 .concat [ 12 0 0 0], L_0x7fc6d341ef80;
L_0x7fc6d341e4a0 .concat [ 20 12 0 0], LS_0x7fc6d341e4a0_0_0, LS_0x7fc6d341e4a0_0_4;
L_0x7fc6d341f320 .functor MUXZ 32, L_0x7fc6d31632d8, L_0x7fc6d341e4a0, L_0x7fc6d341c8c0, C4<>;
L_0x7fc6d341f800 .functor MUXZ 32, L_0x7fc6d341f320, L_0x7fc6d341ed70, L_0x7fc6d341cf70, C4<>;
L_0x7fc6d341f970 .functor MUXZ 32, L_0x7fc6d341f800, L_0x7fc6d341eb30, L_0x7fc6d341c9e0, C4<>;
L_0x7fc6d341fa50 .functor MUXZ 32, L_0x7fc6d341f970, L_0x7fc6d341e250, L_0x7fc6d341cb00, C4<>;
L_0x7fc6d341fbd0 .functor MUXZ 32, L_0x7fc6d341fa50, L_0x7fc6d341db90, L_0x7fc6d341d4d0, C4<>;
S_0x7fc6d34049f0 .scope module, "m_mux" "m_mux" 2 15;
 .timescale 0 0;
    .port_info 0 /INPUT 32 "w_in1";
    .port_info 1 /INPUT 32 "w_in2";
    .port_info 2 /INPUT 1 "w_sel";
    .port_info 3 /OUTPUT 32 "w_out";
o0x7fc6d3133358 .functor BUFZ 32, C4<zzzzzzzzzzzzzzzzzzzzzzzzzzzzzzzz>; HiZ drive
v0x7fc6d3419230_0 .net "w_in1", 31 0, o0x7fc6d3133358;  0 drivers
o0x7fc6d3133388 .functor BUFZ 32, C4<zzzzzzzzzzzzzzzzzzzzzzzzzzzzzzzz>; HiZ drive
v0x7fc6d34192d0_0 .net "w_in2", 31 0, o0x7fc6d3133388;  0 drivers
v0x7fc6d3419370_0 .net "w_out", 31 0, L_0x7fc6d341ffd0;  1 drivers
o0x7fc6d31333e8 .functor BUFZ 1, C4<z>; HiZ drive
v0x7fc6d3419400_0 .net "w_sel", 0 0, o0x7fc6d31333e8;  0 drivers
L_0x7fc6d341ffd0 .functor MUXZ 32, o0x7fc6d3133358, o0x7fc6d3133388, o0x7fc6d31333e8, C4<>;
S_0x7fc6d3404bc0 .scope module, "m_top" "m_top" 2 125;
 .timescale 0 0;
v0x7fc6d341c2a0_0 .var "r_clk", 0 0;
S_0x7fc6d34194f0 .scope module, "m" "m_proc" 2 127, 2 106 0, S_0x7fc6d3404bc0;
 .timescale 0 0;
    .port_info 0 /INPUT 1 "w_clk";
v0x7fc6d341bd00_0 .var "r_pc", 31 0;
v0x7fc6d341bdd0_0 .net "w_clk", 0 0, v0x7fc6d341c2a0_0;  1 drivers
v0x7fc6d341be70_0 .net "w_inst", 31 0, L_0x7fc6d34205b0;  1 drivers
v0x7fc6d341bf40_0 .net "w_npc", 31 0, L_0x7fc6d3420070;  1 drivers
v0x7fc6d341bff0_0 .net "w_rd1", 31 0, L_0x7fc6d3420a30;  1 drivers
v0x7fc6d341c100_0 .net "w_rd2", 31 0, L_0x7fc6d3420ed0;  1 drivers
v0x7fc6d341c1d0_0 .net "w_wbdata", 31 0, L_0x7fc6d3421290;  1 drivers
L_0x7fc6d3421030 .part L_0x7fc6d34205b0, 15, 5;
L_0x7fc6d34210d0 .part L_0x7fc6d34205b0, 20, 5;
L_0x7fc6d34211f0 .part L_0x7fc6d34205b0, 7, 5;
S_0x7fc6d34196d0 .scope module, "m_RF_" "m_RF" 2 117, 2 22 0, S_0x7fc6d34194f0;
 .timescale 0 0;
    .port_info 0 /INPUT 1 "w_clk";
    .port_info 1 /INPUT 5 "w_ra1";
    .port_info 2 /INPUT 5 "w_ra2";
    .port_info 3 /OUTPUT 32 "w_rd1";
    .port_info 4 /OUTPUT 32 "w_rd2";
    .port_info 5 /INPUT 5 "w_wa";
    .port_info 6 /INPUT 1 "w_we";
    .port_info 7 /INPUT 32 "w_wd";
L_0x7fc6d3163560 .functor BUFT 1, C4<00000>, C4<0>, C4<0>, C4<0>;
v0x7fc6d3419a00_0 .net/2u *"_ivl_0", 4 0, L_0x7fc6d3163560;  1 drivers
L_0x7fc6d31635f0 .functor BUFT 1, C4<00>, C4<0>, C4<0>, C4<0>;
v0x7fc6d3419ac0_0 .net *"_ivl_11", 1 0, L_0x7fc6d31635f0;  1 drivers
L_0x7fc6d3163638 .functor BUFT 1, C4<00000>, C4<0>, C4<0>, C4<0>;
v0x7fc6d3419b70_0 .net/2u *"_ivl_14", 4 0, L_0x7fc6d3163638;  1 drivers
v0x7fc6d3419c30_0 .net *"_ivl_16", 0 0, L_0x7fc6d3420b90;  1 drivers
L_0x7fc6d3163680 .functor BUFT 1, C4<00000000000000000000000000000000>, C4<0>, C4<0>, C4<0>;
v0x7fc6d3419cd0_0 .net/2u *"_ivl_18", 31 0, L_0x7fc6d3163680;  1 drivers
v0x7fc6d3419dc0_0 .net *"_ivl_2", 0 0, L_0x7fc6d3420750;  1 drivers
v0x7fc6d3419e60_0 .net *"_ivl_20", 31 0, L_0x7fc6d3420c70;  1 drivers
v0x7fc6d3419f10_0 .net *"_ivl_22", 6 0, L_0x7fc6d3420d10;  1 drivers
L_0x7fc6d31636c8 .functor BUFT 1, C4<00>, C4<0>, C4<0>, C4<0>;
v0x7fc6d3419fc0_0 .net *"_ivl_25", 1 0, L_0x7fc6d31636c8;  1 drivers
L_0x7fc6d31635a8 .functor BUFT 1, C4<00000000000000000000000000000000>, C4<0>, C4<0>, C4<0>;
v0x7fc6d341a0d0_0 .net/2u *"_ivl_4", 31 0, L_0x7fc6d31635a8;  1 drivers
v0x7fc6d341a180_0 .net *"_ivl_6", 31 0, L_0x7fc6d3420830;  1 drivers
v0x7fc6d341a230_0 .net *"_ivl_8", 6 0, L_0x7fc6d34208d0;  1 drivers
v0x7fc6d341a2e0_0 .var/i "i", 31 0;
v0x7fc6d341a390 .array "mem", 31 0, 31 0;
v0x7fc6d341a430_0 .net "w_clk", 0 0, v0x7fc6d341c2a0_0;  alias, 1 drivers
v0x7fc6d341a4d0_0 .net "w_ra1", 4 0, L_0x7fc6d3421030;  1 drivers
v0x7fc6d341a580_0 .net "w_ra2", 4 0, L_0x7fc6d34210d0;  1 drivers
v0x7fc6d341a710_0 .net "w_rd1", 31 0, L_0x7fc6d3420a30;  alias, 1 drivers
v0x7fc6d341a7a0_0 .net "w_rd2", 31 0, L_0x7fc6d3420ed0;  alias, 1 drivers
v0x7fc6d341a850_0 .net "w_wa", 4 0, L_0x7fc6d34211f0;  1 drivers
v0x7fc6d341a900_0 .net "w_wd", 31 0, L_0x7fc6d3421290;  alias, 1 drivers
L_0x7fc6d3163710 .functor BUFT 1, C4<1>, C4<0>, C4<0>, C4<0>;
v0x7fc6d341a9b0_0 .net "w_we", 0 0, L_0x7fc6d3163710;  1 drivers
E_0x7fc6d34199a0 .event posedge, v0x7fc6d341a430_0;
L_0x7fc6d3420750 .cmp/eq 5, L_0x7fc6d3421030, L_0x7fc6d3163560;
L_0x7fc6d3420830 .array/port v0x7fc6d341a390, L_0x7fc6d34208d0;
L_0x7fc6d34208d0 .concat [ 5 2 0 0], L_0x7fc6d3421030, L_0x7fc6d31635f0;
L_0x7fc6d3420a30 .functor MUXZ 32, L_0x7fc6d3420830, L_0x7fc6d31635a8, L_0x7fc6d3420750, C4<>;
L_0x7fc6d3420b90 .cmp/eq 5, L_0x7fc6d34210d0, L_0x7fc6d3163638;
L_0x7fc6d3420c70 .array/port v0x7fc6d341a390, L_0x7fc6d3420d10;
L_0x7fc6d3420d10 .concat [ 5 2 0 0], L_0x7fc6d34210d0, L_0x7fc6d31636c8;
L_0x7fc6d3420ed0 .functor MUXZ 32, L_0x7fc6d3420c70, L_0x7fc6d3163680, L_0x7fc6d3420b90, C4<>;
S_0x7fc6d341ab10 .scope module, "m_adder_pc" "m_adder" 2 112, 2 1 0, S_0x7fc6d34194f0;
 .timescale 0 0;
    .port_info 0 /INPUT 32 "w_in1";
    .port_info 1 /INPUT 32 "w_in2";
    .port_info 2 /OUTPUT 32 "w_out";
v0x7fc6d341acd0_0 .net "w_in1", 31 0, v0x7fc6d341bd00_0;  1 drivers
L_0x7fc6d31633b0 .functor BUFT 1, C4<00000000000000000000000000000100>, C4<0>, C4<0>, C4<0>;
v0x7fc6d341ad60_0 .net "w_in2", 31 0, L_0x7fc6d31633b0;  1 drivers
v0x7fc6d341adf0_0 .net "w_out", 31 0, L_0x7fc6d3420070;  alias, 1 drivers
L_0x7fc6d3420070 .arith/sum 32, v0x7fc6d341bd00_0, L_0x7fc6d31633b0;
S_0x7fc6d341af00 .scope module, "m_ex" "m_adder" 2 120, 2 1 0, S_0x7fc6d34194f0;
 .timescale 0 0;
    .port_info 0 /INPUT 32 "w_in1";
    .port_info 1 /INPUT 32 "w_in2";
    .port_info 2 /OUTPUT 32 "w_out";
v0x7fc6d341b130_0 .net "w_in1", 31 0, L_0x7fc6d3420a30;  alias, 1 drivers
v0x7fc6d341b1f0_0 .net "w_in2", 31 0, L_0x7fc6d3420ed0;  alias, 1 drivers
v0x7fc6d341b2a0_0 .net "w_out", 31 0, L_0x7fc6d3421290;  alias, 1 drivers
L_0x7fc6d3421290 .arith/sum 32, L_0x7fc6d3420a30, L_0x7fc6d3420ed0;
S_0x7fc6d341b3a0 .scope module, "m_insts_memory" "m_am_imem" 2 113, 2 35 0, S_0x7fc6d34194f0;
 .timescale 0 0;
    .port_info 0 /INPUT 32 "w_adr";
    .port_info 1 /OUTPUT 32 "w_ir";
L_0x7fc6d31633f8 .functor BUFT 1, C4<00000000000000000000000000000000>, C4<0>, C4<0>, C4<0>;
v0x7fc6d341b5a0_0 .net/2u *"_ivl_0", 31 0, L_0x7fc6d31633f8;  1 drivers
L_0x7fc6d31634d0 .functor BUFT 1, C4<00000000010000011000001100110011>, C4<0>, C4<0>, C4<0>;
v0x7fc6d341b660_0 .net/2u *"_ivl_10", 31 0, L_0x7fc6d31634d0;  1 drivers
L_0x7fc6d3163518 .functor BUFT 1, C4<00000000011000101000001110110011>, C4<0>, C4<0>, C4<0>;
v0x7fc6d341b700_0 .net/2u *"_ivl_12", 31 0, L_0x7fc6d3163518;  1 drivers
v0x7fc6d341b7b0_0 .net *"_ivl_14", 31 0, L_0x7fc6d3420450;  1 drivers
v0x7fc6d341b860_0 .net *"_ivl_2", 0 0, L_0x7fc6d3420170;  1 drivers
L_0x7fc6d3163440 .functor BUFT 1, C4<00000000001000001000001010110011>, C4<0>, C4<0>, C4<0>;
v0x7fc6d341b940_0 .net/2u *"_ivl_4", 31 0, L_0x7fc6d3163440;  1 drivers
L_0x7fc6d3163488 .functor BUFT 1, C4<00000000000000000000000000000100>, C4<0>, C4<0>, C4<0>;
v0x7fc6d341b9f0_0 .net/2u *"_ivl_6", 31 0, L_0x7fc6d3163488;  1 drivers
v0x7fc6d341baa0_0 .net *"_ivl_8", 0 0, L_0x7fc6d3420390;  1 drivers
v0x7fc6d341bb40_0 .net "w_adr", 31 0, v0x7fc6d341bd00_0;  alias, 1 drivers
v0x7fc6d341bc70_0 .net "w_ir", 31 0, L_0x7fc6d34205b0;  alias, 1 drivers
L_0x7fc6d3420170 .cmp/eq 32, v0x7fc6d341bd00_0, L_0x7fc6d31633f8;
L_0x7fc6d3420390 .cmp/eq 32, v0x7fc6d341bd00_0, L_0x7fc6d3163488;
L_0x7fc6d3420450 .functor MUXZ 32, L_0x7fc6d3163518, L_0x7fc6d31634d0, L_0x7fc6d3420390, C4<>;
L_0x7fc6d34205b0 .functor MUXZ 32, L_0x7fc6d3420450, L_0x7fc6d3163440, L_0x7fc6d3420170, C4<>;
    .scope S_0x7fc6d3404520;
T_0 ;
    %wait E_0x7fc6d3414fc0;
    %load/vec4 v0x7fc6d3415780_0;
    %flag_set/vec4 8;
    %jmp/0xz  T_0.0, 8;
    %load/vec4 v0x7fc6d34156d0_0;
    %load/vec4 v0x7fc6d3415470_0;
    %parti/s 6, 2, 3;
    %pad/u 8;
    %ix/vec4 3;
    %ix/load 4, 0, 0; Constant delay
    %assign/vec4/a/d v0x7fc6d34153d0, 0, 4;
T_0.0 ;
    %jmp T_0;
    .thread T_0;
    .scope S_0x7fc6d3404520;
T_1 ;
    %pushi/vec4 0, 0, 32;
    %store/vec4 v0x7fc6d34152e0_0, 0, 32;
T_1.0 ;
    %load/vec4 v0x7fc6d34152e0_0;
    %cmpi/s 64, 0, 32;
    %jmp/0xz T_1.1, 5;
    %pushi/vec4 0, 0, 32;
    %ix/getv/s 4, v0x7fc6d34152e0_0;
    %store/vec4a v0x7fc6d34153d0, 4, 0;
    %load/vec4 v0x7fc6d34152e0_0;
    %addi 1, 0, 32;
    %store/vec4 v0x7fc6d34152e0_0, 0, 32;
    %jmp T_1.0;
T_1.1 ;
    %end;
    .thread T_1;
    .scope S_0x7fc6d34196d0;
T_2 ;
    %wait E_0x7fc6d34199a0;
    %load/vec4 v0x7fc6d341a9b0_0;
    %flag_set/vec4 8;
    %jmp/0xz  T_2.0, 8;
    %load/vec4 v0x7fc6d341a900_0;
    %load/vec4 v0x7fc6d341a850_0;
    %pad/u 7;
    %ix/vec4 4;
    %store/vec4a v0x7fc6d341a390, 4, 0;
T_2.0 ;
    %jmp T_2;
    .thread T_2;
    .scope S_0x7fc6d34196d0;
T_3 ;
    %wait E_0x7fc6d34199a0;
    %load/vec4 v0x7fc6d341a9b0_0;
    %load/vec4 v0x7fc6d341a850_0;
    %pushi/vec4 30, 0, 5;
    %cmp/e;
    %flag_get/vec4 4;
    %and;
    %flag_set/vec4 8;
    %jmp/0xz  T_3.0, 8;
    %vpi_call 2 31 "$finish" {0 0 0};
T_3.0 ;
    %jmp T_3;
    .thread T_3;
    .scope S_0x7fc6d34196d0;
T_4 ;
    %pushi/vec4 0, 0, 32;
    %store/vec4 v0x7fc6d341a2e0_0, 0, 32;
T_4.0 ;
    %load/vec4 v0x7fc6d341a2e0_0;
    %cmpi/s 32, 0, 32;
    %jmp/0xz T_4.1, 5;
    %pushi/vec4 0, 0, 32;
    %ix/getv/s 4, v0x7fc6d341a2e0_0;
    %store/vec4a v0x7fc6d341a390, 4, 0;
    %load/vec4 v0x7fc6d341a2e0_0;
    %addi 1, 0, 32;
    %store/vec4 v0x7fc6d341a2e0_0, 0, 32;
    %jmp T_4.0;
T_4.1 ;
    %end;
    .thread T_4;
    .scope S_0x7fc6d34194f0;
T_5 ;
    %pushi/vec4 0, 0, 32;
    %store/vec4 v0x7fc6d341bd00_0, 0, 32;
    %end;
    .thread T_5;
    .scope S_0x7fc6d34194f0;
T_6 ;
    %wait E_0x7fc6d34199a0;
    %load/vec4 v0x7fc6d341bf40_0;
    %assign/vec4 v0x7fc6d341bd00_0, 0;
    %jmp T_6;
    .thread T_6;
    .scope S_0x7fc6d3404bc0;
T_7 ;
    %pushi/vec4 0, 0, 1;
    %store/vec4 v0x7fc6d341c2a0_0, 0, 1;
    %end;
    .thread T_7;
    .scope S_0x7fc6d3404bc0;
T_8 ;
    %delay 150, 0;
T_8.0 ;
    %delay 50, 0;
    %load/vec4 v0x7fc6d341c2a0_0;
    %inv;
    %store/vec4 v0x7fc6d341c2a0_0, 0, 1;
    %jmp T_8.0;
    %end;
    .thread T_8;
    .scope S_0x7fc6d3404bc0;
T_9 ;
    %pushi/vec4 5, 0, 32;
    %ix/load 4, 1, 0;
    %flag_set/imm 4, 0;
    %store/vec4a v0x7fc6d341a390, 4, 0;
    %end;
    .thread T_9;
    .scope S_0x7fc6d3404bc0;
T_10 ;
    %pushi/vec4 6, 0, 32;
    %ix/load 4, 2, 0;
    %flag_set/imm 4, 0;
    %store/vec4a v0x7fc6d341a390, 4, 0;
    %end;
    .thread T_10;
    .scope S_0x7fc6d3404bc0;
T_11 ;
    %pushi/vec4 7, 0, 32;
    %ix/load 4, 3, 0;
    %flag_set/imm 4, 0;
    %store/vec4a v0x7fc6d341a390, 4, 0;
    %end;
    .thread T_11;
    .scope S_0x7fc6d3404bc0;
T_12 ;
    %pushi/vec4 8, 0, 32;
    %ix/load 4, 4, 0;
    %flag_set/imm 4, 0;
    %store/vec4a v0x7fc6d341a390, 4, 0;
    %end;
    .thread T_12;
    .scope S_0x7fc6d3404bc0;
T_13 ;
    %delay 99, 0;
T_13.0 ;
    %delay 100, 0;
    %vpi_call 2 132 "$display", "%3d %d %d %d", $time, v0x7fc6d341bff0_0, v0x7fc6d341c100_0, v0x7fc6d341c1d0_0 {0 0 0};
    %jmp T_13.0;
    %end;
    .thread T_13;
    .scope S_0x7fc6d3404bc0;
T_14 ;
    %delay 400, 0;
    %vpi_call 2 134 "$finish" {0 0 0};
    %end;
    .thread T_14;
# The file index is used to find the file name in the following table.
:file_names 3;
    "N/A";
    "<interactive>";
    "cpu.v";
